<?xml version="1.0" encoding="UTF-8"?>
<!-- Generated by org.testng.reporters.JUnitXMLReporter -->
<testsuite hostname="Macs-MacBook-Pro.local" ignored="0" name="Run All Tests" tests="1" failures="1" timestamp="13 Jun 2018 23:17:05 GMT" time="23.554" errors="0">
  <testcase name="run_cukes" time="22.71" classname="cucumber.api.testng.AbstractTestNGCucumberTests">
    <failure type="cucumber.runtime.CucumberException" message="java.lang.AssertionError: No found 5 imported images..! expected [true] but found [false]">
      <![CDATA[cucumber.runtime.CucumberException: java.lang.AssertionError: No found 5 imported images..! expected [true] but found [false]
	at cucumber.api.testng.TestNGCucumberRunner.runCukes(TestNGCucumberRunner.java:48)
	at cucumber.api.testng.AbstractTestNGCucumberTests.run_cukes(AbstractTestNGCucumberTests.java:14)
	at cucumber.api.testng.AbstractTestNGCucumberTests.run(AbstractTestNGCucumberTests.java:19)
Caused by: java.lang.AssertionError: No found 5 imported images..! expected [true] but found [false]
	at com.burak.projectWithCucumber.stepdefinition.HomePage.checkTwoImageExist(HomePage.java:83)
	at âœ½.Then Check that the image is deleted(CucumberTests.feature:15)
... Removed 30 stack frames]]>
    </failure>
  </testcase> <!-- run_cukes -->
</testsuite> <!-- Run All Tests -->
