<html>
<head>
<title>TestNG:  Run All Tests</title>
<link href="../testng.css" rel="stylesheet" type="text/css" />
<link href="../my-testng.css" rel="stylesheet" type="text/css" />

<style type="text/css">
.log { display: none;} 
.stack-trace { display: none;} 
</style>
<script type="text/javascript">
<!--
function flip(e) {
  current = e.style.display;
  if (current == 'block') {
    e.style.display = 'none';
    return 0;
  }
  else {
    e.style.display = 'block';
    return 1;
  }
}

function toggleBox(szDivId, elem, msg1, msg2)
{
  var res = -1;  if (document.getElementById) {
    res = flip(document.getElementById(szDivId));
  }
  else if (document.all) {
    // this is the way old msie versions work
    res = flip(document.all[szDivId]);
  }
  if(elem) {
    if(res == 0) elem.innerHTML = msg1; else elem.innerHTML = msg2;
  }

}

function toggleAllBoxes() {
  if (document.getElementsByTagName) {
    d = document.getElementsByTagName('div');
    for (i = 0; i < d.length; i++) {
      if (d[i].className == 'log') {
        flip(d[i]);
      }
    }
  }
}

// -->
</script>

</head>
<body>
<h2 align='center'>Run All Tests</h2><table border='1' align="center">
<tr>
<td>Tests passed/Failed/Skipped:</td><td>0/1/0</td>
</tr><tr>
<td>Started on:</td><td>Thu Jun 14 02:16:36 EET 2018</td>
</tr>
<tr><td>Total time:</td><td>23 seconds (23554 ms)</td>
</tr><tr>
<td>Included groups:</td><td></td>
</tr><tr>
<td>Excluded groups:</td><td></td>
</tr>
</table><p/>
<small><i>(Hover the method name to see the test class name)</i></small><p/>
<table width='100%' border='1' class='invocation-failed'>
<tr><td colspan='4' align='center'><b>FAILED TESTS</b></td></tr>
<tr><td><b>Test method</b></td>
<td width="30%"><b>Exception</b></td>
<td width="10%"><b>Time (seconds)</b></td>
<td><b>Instance</b></td>
</tr>
<tr>
<td title='com.burak.projectWithCucumber.test.CucumberRunner.run_cukes()'><b>run_cukes</b><br>Test class: com.burak.projectWithCucumber.test.CucumberRunner<br>Test method: Runs Cucumber Features<br/>
<a href="#Output-1049590050" onClick='toggleBox("Output-1049590050", this, "Show output", "Hide output");'>Show output</a>

<a href="#Output-1049590050" onClick="toggleAllBoxes();">Show all outputs</a>
<div class='log' id="Output-1049590050">
<div "featureFile">Feature File: CucumberTests.feature</div><br/>
<div "feature">Feature: Image Galery Functionality</div><br/>
<div "scenario">Scenario: Import One Image Successfully</div><br/>
<div "result">When  Click Plus button and import the one picture (passed : 4s)</div><br/>
<div "result">Then  Check that there is one image (passed : 2s)</div><br/>
<div "scenario">Scenario: Import Multiple Image Successfully</div><br/>
<div "result">When  Click Plus button and import three pictures (passed : 5s)</div><br/>
<div "result">Then  Check that there are three images (passed : 2s)</div><br/>
<div "scenario">Scenario: Delete one Image Successfully</div><br/>
<div "result">Given  Click Plus button and import three pictures (passed : 5s)</div><br/>
<div "result">When  Click first imported image and preview it (passed : 1s)</div><br/>
<div "result">And  Click delete button and delete image (passed : 0s)</div><br/>
<div "result">Then  Check that the image is deleted (failed : 2s)</div><br/>
</div>
</td>
<td><div><pre>cucumber.runtime.CucumberException: java.lang.AssertionError: No found 5 imported images..! expected [true] but found [false]
	at cucumber.api.testng.TestNGCucumberRunner.runCukes(TestNGCucumberRunner.java:48)
	at cucumber.api.testng.AbstractTestNGCucumberTests.run_cukes(AbstractTestNGCucumberTests.java:14)
	at cucumber.api.testng.AbstractTestNGCucumberTests.run(AbstractTestNGCucumberTests.java:19)
Caused by: java.lang.AssertionError: No found 5 imported images..! expected [true] but found [false]
	at com.burak.projectWithCucumber.stepdefinition.HomePage.checkTwoImageExist(HomePage.java:83)
	at ✽.Then Check that the image is deleted(CucumberTests.feature:15)
... Removed 30 stack frames</pre></div><a href='#' onClick='toggleBox("stack-trace1049590050", this, "Click to show all stack frames", "Click to hide stack frames")'>Click to show all stack frames</a>
<div class='stack-trace' id='stack-trace1049590050'><pre>cucumber.runtime.CucumberException: java.lang.AssertionError: No found 5 imported images..! expected [true] but found [false]
	at cucumber.api.testng.TestNGCucumberRunner.runCukes(TestNGCucumberRunner.java:48)
	at cucumber.api.testng.AbstractTestNGCucumberTests.run_cukes(AbstractTestNGCucumberTests.java:14)
	at sun.reflect.NativeMethodAccessorImpl.invoke0(Native Method)
	at sun.reflect.NativeMethodAccessorImpl.invoke(NativeMethodAccessorImpl.java:62)
	at sun.reflect.DelegatingMethodAccessorImpl.invoke(DelegatingMethodAccessorImpl.java:43)
	at java.lang.reflect.Method.invoke(Method.java:498)
	at org.testng.internal.MethodInvocationHelper.invokeMethod(MethodInvocationHelper.java:108)
	at org.testng.internal.MethodInvocationHelper$1.runTestMethod(MethodInvocationHelper.java:209)
	at cucumber.api.testng.AbstractTestNGCucumberTests.run(AbstractTestNGCucumberTests.java:19)
	at org.testng.internal.MethodInvocationHelper.invokeHookable(MethodInvocationHelper.java:221)
	at org.testng.internal.Invoker.invokeMethod(Invoker.java:657)
	at org.testng.internal.Invoker.invokeTestMethod(Invoker.java:869)
	at org.testng.internal.Invoker.invokeTestMethods(Invoker.java:1193)
	at org.testng.internal.TestMethodWorker.invokeTestMethods(TestMethodWorker.java:126)
	at org.testng.internal.TestMethodWorker.run(TestMethodWorker.java:109)
	at org.testng.TestRunner.privateRun(TestRunner.java:744)
	at org.testng.TestRunner.run(TestRunner.java:602)
	at org.testng.SuiteRunner.runTest(SuiteRunner.java:380)
	at org.testng.SuiteRunner.runSequentially(SuiteRunner.java:375)
	at org.testng.SuiteRunner.privateRun(SuiteRunner.java:340)
	at org.testng.SuiteRunner.run(SuiteRunner.java:289)
	at org.testng.SuiteRunnerWorker.runSuite(SuiteRunnerWorker.java:52)
	at org.testng.SuiteRunnerWorker.run(SuiteRunnerWorker.java:86)
	at org.testng.TestNG.runSuitesSequentially(TestNG.java:1301)
	at org.testng.TestNG.runSuitesLocally(TestNG.java:1226)
	at org.testng.TestNG.runSuites(TestNG.java:1144)
	at org.testng.TestNG.run(TestNG.java:1115)
	at org.testng.remote.AbstractRemoteTestNG.run(AbstractRemoteTestNG.java:114)
	at org.testng.remote.RemoteTestNG.initAndRun(RemoteTestNG.java:251)
	at org.testng.remote.RemoteTestNG.main(RemoteTestNG.java:77)
Caused by: java.lang.AssertionError: No found 5 imported images..! expected [true] but found [false]
	at org.testng.Assert.fail(Assert.java:93)
	at org.testng.Assert.failNotEquals(Assert.java:512)
	at org.testng.Assert.assertTrue(Assert.java:41)
	at com.burak.projectWithCucumber.stepdefinition.HomePage.checkTwoImageExist(HomePage.java:83)
	at ✽.Then Check that the image is deleted(CucumberTests.feature:15)
</pre></div></td>
<td>22</td>
<td>com.burak.projectWithCucumber.test.CucumberRunner@1ed4004b</td></tr>
</table><p>
</body>
</html>